# JRE version: OpenJDK Runtime Environment Corretto-15.0.2.7.1 (15.0.2+7) (build 15.0.2+7)
# Java VM: OpenJDK 64-Bit Server VM Corretto-15.0.2.7.1 (15.0.2+7, mixed mode, sharing, tiered, compressed oops, g1 gc, windows-amd64)
GC Precious Log:
 CPUs: 8 total, 8 available
 Memory: 8043M
 Large Page Support: Disabled
 NUMA Support: Disabled
 Compressed Oops: Enabled (32-bit)
 Heap Region Size: 1M
 Heap Min Capacity: 256M
 Heap Initial Capacity: 256M
 Heap Max Capacity: 512M
 Pre-touch: Disabled
 Parallel Workers: 8
 Concurrent Workers: 2
 Concurrent Refinement Workers: 8
 Periodic GC: Disabled
Heap:
 garbage-first heap   total 262144K, used 31080K [0x00000000e0000000, 0x0000000100000000)
  region size 1024K, 23 young (23552K), 11 survivors (11264K)
 Metaspace       used 21963K, capacity 22366K, committed 22448K, reserved 274432K
  class space    used 3185K, capacity 3313K, committed 3328K, reserved 253952K
GC Heap History (6 events):
Event: 1.538 GC heap before
{Heap before GC invocations=0 (full 0):
 garbage-first heap   total 262144K, used 28672K [0x00000000e0000000, 0x0000000100000000)
  region size 1024K, 23 young (23552K), 0 survivors (0K)
 Metaspace       used 3375K, capacity 6224K, committed 6400K, reserved 262144K
  class space    used 427K, capacity 708K, committed 768K, reserved 253952K
}
Event: 1.546 GC heap after
{Heap after GC invocations=1 (full 0):
 garbage-first heap   total 262144K, used 9276K [0x00000000e0000000, 0x0000000100000000)
  region size 1024K, 3 young (3072K), 3 survivors (3072K)
 Metaspace       used 3375K, capacity 6224K, committed 6400K, reserved 262144K
  class space    used 427K, capacity 708K, committed 768K, reserved 253952K
}
Event: 2.287 GC heap before
{Heap before GC invocations=1 (full 0):
 garbage-first heap   total 262144K, used 34876K [0x00000000e0000000, 0x0000000100000000)
  region size 1024K, 28 young (28672K), 3 survivors (3072K)
 Metaspace       used 4314K, capacity 6739K, committed 7040K, reserved 262144K
  class space    used 521K, capacity 773K, committed 896K, reserved 253952K
}
Event: 2.291 GC heap after
{Heap after GC invocations=2 (full 0):
 garbage-first heap   total 262144K, used 10089K [0x00000000e0000000, 0x0000000100000000)
  region size 1024K, 1 young (1024K), 1 survivors (1024K)
 Metaspace       used 4314K, capacity 6739K, committed 7040K, reserved 262144K
  class space    used 521K, capacity 773K, committed 896K, reserved 253952K
}
Event: 6.789 GC heap before
{Heap before GC invocations=2 (full 0):
 garbage-first heap   total 262144K, used 115561K [0x00000000e0000000, 0x0000000100000000)
  region size 1024K, 105 young (107520K), 1 survivors (1024K)
 Metaspace       used 20700K, capacity 21114K, committed 21296K, reserved 272384K
  class space    used 2976K, capacity 3109K, committed 3200K, reserved 253952K
}
Event: 6.804 GC heap after
{Heap after GC invocations=3 (full 0):
 garbage-first heap   total 262144K, used 19816K [0x00000000e0000000, 0x0000000100000000)
  region size 1024K, 11 young (11264K), 11 survivors (11264K)
 Metaspace       used 20700K, capacity 21114K, committed 21296K, reserved 272384K
  class space    used 2976K, capacity 3109K, committed 3200K, reserved 253952K
}

